<?xml version="1.0" encoding="utf-8"?><testsuites name="pytest tests"><testsuite name="pytest" errors="0" failures="1" skipped="0" tests="39" time="21.359" timestamp="2026-02-12T13:22:08.793761+00:00" hostname="agent-env-a2d7ab34-59a1-4bbd-9027-ffde1188e753"><testcase classname="backend.tests.test_pulse_engine.TestHealthAndAuth" name="test_login_success" time="0.349" /><testcase classname="backend.tests.test_pulse_engine.TestHealthAndAuth" name="test_login_invalid_credentials" time="0.039" /><testcase classname="backend.tests.test_pulse_engine.TestHealthAndAuth" name="test_get_me_authenticated" time="0.306" /><testcase classname="backend.tests.test_pulse_engine.TestHealthAndAuth" name="test_get_me_unauthenticated" time="0.043" /><testcase classname="backend.tests.test_pulse_engine.TestConversations" name="test_list_conversations" time="0.302" /><testcase classname="backend.tests.test_pulse_engine.TestConversations" name="test_list_conversations_by_channel" time="0.418" /><testcase classname="backend.tests.test_pulse_engine.TestConversations" name="test_get_conversation_messages" time="0.335" /><testcase classname="backend.tests.test_pulse_engine.TestConversations" name="test_send_message" time="0.334" /><testcase classname="backend.tests.test_pulse_engine.TestConversations" name="test_get_single_conversation" time="0.339" /><testcase classname="backend.tests.test_pulse_engine.TestLeads" name="test_list_leads" time="0.296" /><testcase classname="backend.tests.test_pulse_engine.TestLeads" name="test_create_lead" time="0.308" /><testcase classname="backend.tests.test_pulse_engine.TestLeads" name="test_get_lead" time="0.333" /><testcase classname="backend.tests.test_pulse_engine.TestLeads" name="test_update_lead_status" time="0.343" /><testcase classname="backend.tests.test_pulse_engine.TestLeads" name="test_score_lead_with_ai" time="2.651" /><testcase classname="backend.tests.test_pulse_engine.TestLeads" name="test_nurture_lead" time="5.863" /><testcase classname="backend.tests.test_pulse_engine.TestCompanyData" name="test_list_products" time="0.320" /><testcase classname="backend.tests.test_pulse_engine.TestCompanyData" name="test_create_product" time="0.335" /><testcase classname="backend.tests.test_pulse_engine.TestCompanyData" name="test_delete_product" time="0.338" /><testcase classname="backend.tests.test_pulse_engine.TestCompanyData" name="test_list_faqs" time="0.294" /><testcase classname="backend.tests.test_pulse_engine.TestCompanyData" name="test_create_faq" time="0.379" /><testcase classname="backend.tests.test_pulse_engine.TestCompanyData" name="test_delete_faq" time="0.324" /><testcase classname="backend.tests.test_pulse_engine.TestAnalytics" name="test_analytics_overview" time="0.297" /><testcase classname="backend.tests.test_pulse_engine.TestAnalytics" name="test_analytics_conversations" time="0.299" /><testcase classname="backend.tests.test_pulse_engine.TestAnalytics" name="test_analytics_leads" time="0.295" /><testcase classname="backend.tests.test_pulse_engine.TestAnalytics" name="test_analytics_sentiment" time="0.300" /><testcase classname="backend.tests.test_pulse_engine.TestAnalytics" name="test_analytics_agents" time="0.302" /><testcase classname="backend.tests.test_pulse_engine.TestCustomers" name="test_list_customers" time="0.293" /><testcase classname="backend.tests.test_pulse_engine.TestCustomers" name="test_get_customer" time="0.331" /><testcase classname="backend.tests.test_pulse_engine.TestSettings" name="test_get_channel_settings" time="0.295" /><testcase classname="backend.tests.test_pulse_engine.TestSettings" name="test_get_company_settings" time="0.293" /><testcase classname="backend.tests.test_pulse_engine.TestSettings" name="test_list_templates" time="0.297" /><testcase classname="backend.tests.test_pulse_engine.TestDashboard" name="test_dashboard_feed" time="0.314" /><testcase classname="backend.tests.test_pulse_engine.TestUsers" name="test_list_users" time="0.309" /><testcase classname="backend.tests.test_pulse_engine.TestTickets" name="test_list_tickets" time="0.298" /><testcase classname="backend.tests.test_pulse_engine.TestTickets" name="test_create_ticket" time="0.297" /><testcase classname="backend.tests.test_pulse_engine.TestKnowledgeBase" name="test_list_knowledge_base" time="0.294" /><testcase classname="backend.tests.test_pulse_engine.TestAI" name="test_ai_sentiment_analysis" time="1.146" /><testcase classname="backend.tests.test_pulse_engine.TestAI" name="test_ai_classify_intent" time="1.007" /><testcase classname="backend.tests.test_pulse_engine.TestAIResponse" name="test_trigger_ai_response" time="0.343"><failure message="assert 520 == 200&#10; +  where 520 = &lt;Response [520]&gt;.status_code">backend/tests/test_pulse_engine.py:551: in test_trigger_ai_response
    assert response.status_code == 200
E   assert 520 == 200
E    +  where 520 = &lt;Response [520]&gt;.status_code</failure></testcase></testsuite></testsuites>